Warming up Vrisko session...
[1/400] εστιατόριο     / Αθήνα        p1 +5 (total=5)
[1/400] εστιατόριο     / Αθήνα        p2 +1 (total=6)
[1/400] εστιατόριο     / Αθήνα        p3 +3 (total=9)
[1/400] εστιατόριο     / Αθήνα        p4 +9 (total=18)
[1/400] εστιατόριο     / Αθήνα        p5 +10 (total=28)
[2/400] εστιατόριο     / Θεσσαλονίκη  p1 +10 (total=38)
[2/400] εστιατόριο     / Θεσσαλονίκη  p2 +15 (total=53)
[2/400] εστιατόριο     / Θεσσαλονίκη  p3 +17 (total=70)
[2/400] εστιατόριο     / Θεσσαλονίκη  p4 +16 (total=86)
[2/400] εστιατόριο     / Θεσσαλονίκη  p5 +14 (total=100)
[3/400] εστιατόριο     / Πάτρα        p1 +20 (total=120)
[3/400] εστιατόριο     / Πάτρα        p2 +16 (total=136)
[3/400] εστιατόριο     / Πάτρα        p3 +10 (total=146)
[3/400] εστιατόριο     / Πάτρα        p4 +0 (total=146)
[4/400] εστιατόριο     / Ηράκλειο     p1 +17 (total=163)
[4/400] εστιατόριο     / Ηράκλειο     p2 +16 (total=179)
[4/400] εστιατόριο     / Ηράκλειο     p3 +15 (total=194)
[4/400] εστιατόριο     / Ηράκλειο     p4 +0 (total=194)
[5/400] εστιατόριο     / Χανιά        p1 +19 (total=213)
[5/400] εστιατόριο     / Χανιά        p2 +18 (total=231)
[5/400] εστιατόριο     / Χανιά        p3 +17 (total=248)
[5/400] εστιατόριο     / Χανιά        p4 +0 (total=248)
[6/400] εστιατόριο     / Ρόδος        p1 +18 (total=266)
[6/400] εστιατόριο     / Ρόδος        p2 +12 (total=278)
[6/400] εστιατόριο     / Ρόδος        p3 +19 (total=297)
[6/400] εστιατόριο     / Ρόδος        p4 +18 (total=315)
[6/400] εστιατόριο     / Ρόδος        p5 +18 (total=333)
[7/400] εστιατόριο     / Λάρισα       p1 +19 (total=352)
[7/400] εστιατόριο     / Λάρισα       p2 +15 (total=367)
[7/400] εστιατόριο     / Λάρισα       p3 +0 (total=367)
[8/400] εστιατόριο     / Βόλος        p1 +19 (total=386)
[8/400] εστιατόριο     / Βόλος        p2 +0 (total=386)
[9/400] εστιατόριο     / Ιωάννινα     p1 +20 (total=406)
[9/400] εστιατόριο     / Ιωάννινα     p2 +8 (total=414)
[9/400] εστιατόριο     / Ιωάννινα     p3 +0 (total=414)
[10/400] εστιατόριο     / Καλαμάτα     p1 +19 (total=433)
[10/400] εστιατόριο     / Καλαμάτα     p2 +7 (total=440)
[10/400] εστιατόριο     / Καλαμάτα     p3 +0 (total=440)
[11/400] ταβέρνα        / Αθήνα        p1 +17 (total=457)
[11/400] ταβέρνα        / Αθήνα        p2 +14 (total=471)
[11/400] ταβέρνα        / Αθήνα        p3 +19 (total=490)
[11/400] ταβέρνα        / Αθήνα        p4 +1 (total=491)
[12/400] ταβέρνα        / Θεσσαλονίκη  p1 +17 (total=508)
[12/400] ταβέρνα        / Θεσσαλονίκη  p2 +14 (total=522)
[12/400] ταβέρνα        / Θεσσαλονίκη  p3 +0 (total=522)
[13/400] ταβέρνα        / Πάτρα        p1 +0 (total=522)
[14/400] ταβέρνα        / Ηράκλειο     p1 +0 (total=522)
[15/400] ταβέρνα        / Χανιά        p1 +0 (total=522)
[16/400] ταβέρνα        / Ρόδος        p1 +0 (total=522)
[17/400] ταβέρνα        / Λάρισα       p1 +0 (total=522)
[18/400] ταβέρνα        / Βόλος        p1 +0 (total=522)
[19/400] ταβέρνα        / Ιωάννινα     p1 +0 (total=522)
[20/400] ταβέρνα        / Καλαμάτα     p1 +0 (total=522)
[21/400] ψητοπωλείο     / Αθήνα        p1 +0 (total=522)
[22/400] ψητοπωλείο     / Θεσσαλονίκη  p1 +0 (total=522)
[23/400] ψητοπωλείο     / Πάτρα        p1 +0 (total=522)
[24/400] ψητοπωλείο     / Ηράκλειο     p1 +0 (total=522)
[25/400] ψητοπωλείο     / Χανιά        p1 +0 (total=522)
[26/400] ψητοπωλείο     / Ρόδος        p1 +0 (total=522)
[27/400] ψητοπωλείο     / Λάρισα       p1 +0 (total=522)
[28/400] ψητοπωλείο     / Βόλος        p1 +0 (total=522)
[29/400] ψητοπωλείο     / Ιωάννινα     p1 +0 (total=522)
[30/400] ψητοπωλείο     / Καλαμάτα     p1 +0 (total=522)
[31/400] σουβλατζίδικο  / Αθήνα        p1 +0 (total=522)
[32/400] σουβλατζίδικο  / Θεσσαλονίκη  p1 +0 (total=522)
[33/400] σουβλατζίδικο  / Πάτρα        p1 +0 (total=522)
[34/400] σουβλατζίδικο  / Ηράκλειο     p1 +0 (total=522)
[35/400] σουβλατζίδικο  / Χανιά        p1 +0 (total=522)
[36/400] σουβλατζίδικο  / Ρόδος        p1 +0 (total=522)
[37/400] σουβλατζίδικο  / Λάρισα       p1 +0 (total=522)
[38/400] σουβλατζίδικο  / Βόλος        p1 +0 (total=522)
[39/400] σουβλατζίδικο  / Ιωάννινα     p1 +0 (total=522)
[40/400] σουβλατζίδικο  / Καλαμάτα     p1 +0 (total=522)
[41/400] πιτσαρία       / Αθήνα        p1 +0 (total=522)
[42/400] πιτσαρία       / Θεσσαλονίκη  p1 +0 (total=522)
[43/400] πιτσαρία       / Πάτρα        p1 +0 (total=522)
[44/400] πιτσαρία       / Ηράκλειο     p1 +0 (total=522)
[45/400] πιτσαρία       / Χανιά        p1 +0 (total=522)
[46/400] πιτσαρία       / Ρόδος        p1 +0 (total=522)
[47/400] πιτσαρία       / Λάρισα       p1 +0 (total=522)
[48/400] πιτσαρία       / Βόλος        p1 +0 (total=522)
[49/400] πιτσαρία       / Ιωάννινα     p1 +0 (total=522)
[50/400] πιτσαρία       / Καλαμάτα     p1 +0 (total=522)
[51/400] καφετέρια      / Αθήνα        p1 +0 (total=522)
[52/400] καφετέρια      / Θεσσαλονίκη  p1 +0 (total=522)
[53/400] καφετέρια      / Πάτρα        p1 +0 (total=522)
[54/400] καφετέρια      / Ηράκλειο     p1 +0 (total=522)
[55/400] καφετέρια      / Χανιά        p1 +0 (total=522)
[56/400] καφετέρια      / Ρόδος        p1 +0 (total=522)
[57/400] καφετέρια      / Λάρισα       p1 +0 (total=522)
[58/400] καφετέρια      / Βόλος        p1 +0 (total=522)
[59/400] καφετέρια      / Ιωάννινα     p1 +0 (total=522)
[60/400] καφετέρια      / Καλαμάτα     p1 +0 (total=522)
[61/400] μπαρ           / Αθήνα        p1 +0 (total=522)
[62/400] μπαρ           / Θεσσαλονίκη  p1 +0 (total=522)
[63/400] μπαρ           / Πάτρα        p1 +0 (total=522)
[64/400] μπαρ           / Ηράκλειο     p1 +0 (total=522)
[65/400] μπαρ           / Χανιά        p1 +0 (total=522)
[66/400] μπαρ           / Ρόδος        p1 +0 (total=522)
[67/400] μπαρ           / Λάρισα       p1 +0 (total=522)
[68/400] μπαρ           / Βόλος        p1 +0 (total=522)
[69/400] μπαρ           / Ιωάννινα     p1 +0 (total=522)
[70/400] μπαρ           / Καλαμάτα     p1 +0 (total=522)
[71/400] καφενείο       / Αθήνα        p1 +0 (total=522)
[72/400] καφενείο       / Θεσσαλονίκη  p1 +0 (total=522)
[73/400] καφενείο       / Πάτρα        p1 +0 (total=522)
[74/400] καφενείο       / Ηράκλειο     p1 +0 (total=522)
[75/400] καφενείο       / Χανιά        p1 +0 (total=522)
[76/400] καφενείο       / Ρόδος        p1 +0 (total=522)
[77/400] καφενείο       / Λάρισα       p1 +0 (total=522)
[78/400] καφενείο       / Βόλος        p1 +0 (total=522)
[79/400] καφενείο       / Ιωάννινα     p1 +0 (total=522)
[80/400] καφενείο       / Καλαμάτα     p1 +0 (total=522)
[81/400] αρτοποιείο     / Αθήνα        p1 +0 (total=522)
[82/400] αρτοποιείο     / Θεσσαλονίκη  p1 +0 (total=522)
[83/400] αρτοποιείο     / Πάτρα        p1 +0 (total=522)
[84/400] αρτοποιείο     / Ηράκλειο     p1 +0 (total=522)
[85/400] αρτοποιείο     / Χανιά        p1 +0 (total=522)
[86/400] αρτοποιείο     / Ρόδος        p1 +0 (total=522)
[87/400] αρτοποιείο     / Λάρισα       p1 +0 (total=522)
[88/400] αρτοποιείο     / Βόλος        p1 +0 (total=522)
[89/400] αρτοποιείο     / Ιωάννινα     p1 +0 (total=522)
[90/400] αρτοποιείο     / Καλαμάτα     p1 +0 (total=522)
[91/400] ζαχαροπλαστείο / Αθήνα        p1 +0 (total=522)
[92/400] ζαχαροπλαστείο / Θεσσαλονίκη  p1 +0 (total=522)
[93/400] ζαχαροπλαστείο / Πάτρα        p1 +0 (total=522)
[94/400] ζαχαροπλαστείο / Ηράκλειο     p1 +0 (total=522)
[95/400] ζαχαροπλαστείο / Χανιά        p1 +0 (total=522)
[96/400] ζαχαροπλαστείο / Ρόδος        p1 +0 (total=522)
[97/400] ζαχαροπλαστείο / Λάρισα       p1 +0 (total=522)
[98/400] ζαχαροπλαστείο / Βόλος        p1 +0 (total=522)
[99/400] ζαχαροπλαστείο / Ιωάννινα     p1 +0 (total=522)
[100/400] ζαχαροπλαστείο / Καλαμάτα     p1 +0 (total=522)
[101/400] κρεοπωλείο     / Αθήνα        p1 +0 (total=522)
[102/400] κρεοπωλείο     / Θεσσαλονίκη  p1 +0 (total=522)
[103/400] κρεοπωλείο     / Πάτρα        p1 +0 (total=522)
[104/400] κρεοπωλείο     / Ηράκλειο     p1 +0 (total=522)
[105/400] κρεοπωλείο     / Χανιά        p1 +0 (total=522)
[106/400] κρεοπωλείο     / Ρόδος        p1 +0 (total=522)
[107/400] κρεοπωλείο     / Λάρισα       p1 +0 (total=522)
[108/400] κρεοπωλείο     / Βόλος        p1 +0 (total=522)
[109/400] κρεοπωλείο     / Ιωάννινα     p1 +0 (total=522)
[110/400] κρεοπωλείο     / Καλαμάτα     p1 +0 (total=522)
[111/400] παντοπωλείο    / Αθήνα        p1 +0 (total=522)
[112/400] παντοπωλείο    / Θεσσαλονίκη  p1 +0 (total=522)
[113/400] παντοπωλείο    / Πάτρα        p1 +0 (total=522)
[114/400] παντοπωλείο    / Ηράκλειο     p1 +0 (total=522)
[115/400] παντοπωλείο    / Χανιά        p1 +0 (total=522)
[116/400] παντοπωλείο    / Ρόδος        p1 +0 (total=522)
[117/400] παντοπωλείο    / Λάρισα       p1 +0 (total=522)
[118/400] παντοπωλείο    / Βόλος        p1 +0 (total=522)
[119/400] παντοπωλείο    / Ιωάννινα     p1 +0 (total=522)
[120/400] παντοπωλείο    / Καλαμάτα     p1 +0 (total=522)
[121/400] κομμωτήριο     / Αθήνα        p1 +0 (total=522)
[122/400] κομμωτήριο     / Θεσσαλονίκη  p1 +0 (total=522)
[123/400] κομμωτήριο     / Πάτρα        p1 +0 (total=522)
[124/400] κομμωτήριο     / Ηράκλειο     p1 +0 (total=522)
[125/400] κομμωτήριο     / Χανιά        p1 +0 (total=522)
[126/400] κομμωτήριο     / Ρόδος        p1 +0 (total=522)
[127/400] κομμωτήριο     / Λάρισα       p1 +0 (total=522)
[128/400] κομμωτήριο     / Βόλος        p1 +0 (total=522)
[129/400] κομμωτήριο     / Ιωάννινα     p1 +0 (total=522)
[130/400] κομμωτήριο     / Καλαμάτα     p1 +0 (total=522)
[131/400] ινστιτούτο ομο / Αθήνα        p1 +0 (total=522)
[132/400] ινστιτούτο ομο / Θεσσαλονίκη  p1 +0 (total=522)
[133/400] ινστιτούτο ομο / Πάτρα        p1 +0 (total=522)
[134/400] ινστιτούτο ομο / Ηράκλειο     p1 +0 (total=522)
[135/400] ινστιτούτο ομο / Χανιά        p1 +0 (total=522)
[136/400] ινστιτούτο ομο / Ρόδος        p1 +0 (total=522)
[137/400] ινστιτούτο ομο / Λάρισα       p1 +0 (total=522)
[138/400] ινστιτούτο ομο / Βόλος        p1 +0 (total=522)
[139/400] ινστιτούτο ομο / Ιωάννινα     p1 +0 (total=522)
[140/400] ινστιτούτο ομο / Καλαμάτα     p1 +0 (total=522)
[141/400] μανικιούρ      / Αθήνα        p1 +0 (total=522)
[142/400] μανικιούρ      / Θεσσαλονίκη  p1 +0 (total=522)
[143/400] μανικιούρ      / Πάτρα        p1 +0 (total=522)
[144/400] μανικιούρ      / Ηράκλειο     p1 +0 (total=522)
[145/400] μανικιούρ      / Χανιά        p1 +0 (total=522)
[146/400] μανικιούρ      / Ρόδος        p1 +0 (total=522)
[147/400] μανικιούρ      / Λάρισα       p1 +0 (total=522)
[148/400] μανικιούρ      / Βόλος        p1 +0 (total=522)
[149/400] μανικιούρ      / Ιωάννινα     p1 +0 (total=522)
[150/400] μανικιούρ      / Καλαμάτα     p1 +0 (total=522)
[151/400] φαρμακείο      / Αθήνα        p1 +0 (total=522)
[152/400] φαρμακείο      / Θεσσαλονίκη  p1 +0 (total=522)
[153/400] φαρμακείο      / Πάτρα        p1 +0 (total=522)
[154/400] φαρμακείο      / Ηράκλειο     p1 +0 (total=522)
[155/400] φαρμακείο      / Χανιά        p1 +0 (total=522)
[156/400] φαρμακείο      / Ρόδος        p1 +0 (total=522)
[157/400] φαρμακείο      / Λάρισα       p1 +0 (total=522)
[158/400] φαρμακείο      / Βόλος        p1 +0 (total=522)
[159/400] φαρμακείο      / Ιωάννινα     p1 +0 (total=522)
[160/400] φαρμακείο      / Καλαμάτα     p1 +0 (total=522)
[161/400] οδοντίατρος    / Αθήνα        p1 +0 (total=522)
[162/400] οδοντίατρος    / Θεσσαλονίκη  p1 +0 (total=522)
[163/400] οδοντίατρος    / Πάτρα        p1 +0 (total=522)
[164/400] οδοντίατρος    / Ηράκλειο     p1 +0 (total=522)
[165/400] οδοντίατρος    / Χανιά        p1 +0 (total=522)
[166/400] οδοντίατρος    / Ρόδος        p1 +0 (total=522)
[167/400] οδοντίατρος    / Λάρισα       p1 +0 (total=522)
[168/400] οδοντίατρος    / Βόλος        p1 +0 (total=522)
[169/400] οδοντίατρος    / Ιωάννινα     p1 +0 (total=522)
[170/400] οδοντίατρος    / Καλαμάτα     p1 +0 (total=522)
[171/400] ιατρός         / Αθήνα        p1 +0 (total=522)
[172/400] ιατρός         / Θεσσαλονίκη  p1 +0 (total=522)
[173/400] ιατρός         / Πάτρα        p1 +0 (total=522)
[174/400] ιατρός         / Ηράκλειο     p1 +0 (total=522)
[175/400] ιατρός         / Χανιά        p1 +0 (total=522)
[176/400] ιατρός         / Ρόδος        p1 +0 (total=522)
[177/400] ιατρός         / Λάρισα       p1 +0 (total=522)
[178/400] ιατρός         / Βόλος        p1 +0 (total=522)
[179/400] ιατρός         / Ιωάννινα     p1 +0 (total=522)
[180/400] ιατρός         / Καλαμάτα     p1 +0 (total=522)
[181/400] φυσιοθεραπευτή / Αθήνα        p1 +0 (total=522)
[182/400] φυσιοθεραπευτή / Θεσσαλονίκη  p1 +0 (total=522)
[183/400] φυσιοθεραπευτή / Πάτρα        p1 +0 (total=522)
[184/400] φυσιοθεραπευτή / Ηράκλειο     p1 +0 (total=522)
[185/400] φυσιοθεραπευτή / Χανιά        p1 +0 (total=522)
[186/400] φυσιοθεραπευτή / Ρόδος        p1 +0 (total=522)
[187/400] φυσιοθεραπευτή / Λάρισα       p1 +0 (total=522)
[188/400] φυσιοθεραπευτή / Βόλος        p1 +0 (total=522)
[189/400] φυσιοθεραπευτή / Ιωάννινα     p1 +0 (total=522)
[190/400] φυσιοθεραπευτή / Καλαμάτα     p1 +0 (total=522)
[191/400] κτηνίατρος     / Αθήνα        p1 +0 (total=522)
[192/400] κτηνίατρος     / Θεσσαλονίκη  p1 +0 (total=522)
[193/400] κτηνίατρος     / Πάτρα        p1 +0 (total=522)
[194/400] κτηνίατρος     / Ηράκλειο     p1 +0 (total=522)
[195/400] κτηνίατρος     / Χανιά        p1 +0 (total=522)
[196/400] κτηνίατρος     / Ρόδος        p1 +0 (total=522)
[197/400] κτηνίατρος     / Λάρισα       p1 +0 (total=522)
[198/400] κτηνίατρος     / Βόλος        p1 +0 (total=522)
[199/400] κτηνίατρος     / Ιωάννινα     p1 +0 (total=522)
[200/400] κτηνίατρος     / Καλαμάτα     p1 +0 (total=522)
[201/400] συνεργείο αυτο / Αθήνα        p1 +0 (total=522)
[202/400] συνεργείο αυτο / Θεσσαλονίκη  p1 +0 (total=522)
[203/400] συνεργείο αυτο / Πάτρα        p1 +0 (total=522)
[204/400] συνεργείο αυτο / Ηράκλειο     p1 +0 (total=522)
[205/400] συνεργείο αυτο / Χανιά        p1 +0 (total=522)
[206/400] συνεργείο αυτο / Ρόδος        p1 +0 (total=522)
[207/400] συνεργείο αυτο / Λάρισα       p1 +0 (total=522)
[208/400] συνεργείο αυτο / Βόλος        p1 +0 (total=522)
[209/400] συνεργείο αυτο / Ιωάννινα     p1 +0 (total=522)
[210/400] συνεργείο αυτο / Καλαμάτα     p1 +0 (total=522)
[211/400] φανοποιείο     / Αθήνα        p1 +0 (total=522)
[212/400] φανοποιείο     / Θεσσαλονίκη  p1 +0 (total=522)
[213/400] φανοποιείο     / Πάτρα        p1 +0 (total=522)
[214/400] φανοποιείο     / Ηράκλειο     p1 +0 (total=522)
[215/400] φανοποιείο     / Χανιά        p1 +0 (total=522)
[216/400] φανοποιείο     / Ρόδος        p1 +0 (total=522)
[217/400] φανοποιείο     / Λάρισα       p1 +0 (total=522)
[218/400] φανοποιείο     / Βόλος        p1 +0 (total=522)
[219/400] φανοποιείο     / Ιωάννινα     p1 +0 (total=522)
[220/400] φανοποιείο     / Καλαμάτα     p1 +0 (total=522)
[221/400] βουλκανιζατέρ  / Αθήνα        p1 +0 (total=522)
[222/400] βουλκανιζατέρ  / Θεσσαλονίκη  p1 +0 (total=522)
[223/400] βουλκανιζατέρ  / Πάτρα        p1 +0 (total=522)
[224/400] βουλκανιζατέρ  / Ηράκλειο     p1 +0 (total=522)
[225/400] βουλκανιζατέρ  / Χανιά        p1 +0 (total=522)
[226/400] βουλκανιζατέρ  / Ρόδος        p1 +0 (total=522)
[227/400] βουλκανιζατέρ  / Λάρισα       p1 +0 (total=522)
[228/400] βουλκανιζατέρ  / Βόλος        p1 +0 (total=522)
[229/400] βουλκανιζατέρ  / Ιωάννινα     p1 +0 (total=522)
[230/400] βουλκανιζατέρ  / Καλαμάτα     p1 +0 (total=522)
[231/400] ηλεκτρολόγος   / Αθήνα        p1 +4 (total=526)
[231/400] ηλεκτρολόγος   / Αθήνα        p2 +12 (total=538)
[231/400] ηλεκτρολόγος   / Αθήνα        p3 +14 (total=552)
[231/400] ηλεκτρολόγος   / Αθήνα        p4 +19 (total=571)
[231/400] ηλεκτρολόγος   / Αθήνα        p5 +16 (total=587)
[232/400] ηλεκτρολόγος   / Θεσσαλονίκη  p1 +7 (total=594)
[232/400] ηλεκτρολόγος   / Θεσσαλονίκη  p2 +15 (total=609)
[232/400] ηλεκτρολόγος   / Θεσσαλονίκη  p3 +19 (total=628)
[232/400] ηλεκτρολόγος   / Θεσσαλονίκη  p4 +17 (total=645)
[232/400] ηλεκτρολόγος   / Θεσσαλονίκη  p5 +19 (total=664)
[233/400] ηλεκτρολόγος   / Πάτρα        p1 +14 (total=678)
[233/400] ηλεκτρολόγος   / Πάτρα        p2 +4 (total=682)
[234/400] ηλεκτρολόγος   / Ηράκλειο     p1 +10 (total=692)
[234/400] ηλεκτρολόγος   / Ηράκλειο     p2 +7 (total=699)
[234/400] ηλεκτρολόγος   / Ηράκλειο     p3 +0 (total=699)
[235/400] ηλεκτρολόγος   / Χανιά        p1 +3 (total=702)
[236/400] ηλεκτρολόγος   / Ρόδος        p1 +0 (total=702)
[237/400] ηλεκτρολόγος   / Λάρισα       p1 +20 (total=722)
[237/400] ηλεκτρολόγος   / Λάρισα       p2 +18 (total=740)
[237/400] ηλεκτρολόγος   / Λάρισα       p3 +7 (total=747)
[237/400] ηλεκτρολόγος   / Λάρισα       p4 +0 (total=747)
[238/400] ηλεκτρολόγος   / Βόλος        p1 +7 (total=754)
[238/400] ηλεκτρολόγος   / Βόλος        p2 +0 (total=754)
[239/400] ηλεκτρολόγος   / Ιωάννινα     p1 +0 (total=754)
[240/400] ηλεκτρολόγος   / Καλαμάτα     p1 +0 (total=754)
[241/400] υδραυλικός     / Αθήνα        p1 +10 (total=764)
[241/400] υδραυλικός     / Αθήνα        p2 +17 (total=781)
[241/400] υδραυλικός     / Αθήνα        p3 +18 (total=799)
[241/400] υδραυλικός     / Αθήνα        p4 +17 (total=816)
[241/400] υδραυλικός     / Αθήνα        p5 +18 (total=834)
[242/400] υδραυλικός     / Θεσσαλονίκη  p1 +17 (total=851)
[242/400] υδραυλικός     / Θεσσαλονίκη  p2 +15 (total=866)
[242/400] υδραυλικός     / Θεσσαλονίκη  p3 +0 (total=866)
[243/400] υδραυλικός     / Πάτρα        p1 +5 (total=871)
[243/400] υδραυλικός     / Πάτρα        p2 +0 (total=871)
[244/400] υδραυλικός     / Ηράκλειο     p1 +13 (total=884)
[244/400] υδραυλικός     / Ηράκλειο     p2 +0 (total=884)
[245/400] υδραυλικός     / Χανιά        p1 +0 (total=884)
[246/400] υδραυλικός     / Ρόδος        p1 +0 (total=884)
[247/400] υδραυλικός     / Λάρισα       p1 +20 (total=904)
[247/400] υδραυλικός     / Λάρισα       p2 +6 (total=910)
[247/400] υδραυλικός     / Λάρισα       p3 +0 (total=910)
[248/400] υδραυλικός     / Βόλος        p1 +0 (total=910)
[249/400] υδραυλικός     / Ιωάννινα     p1 +0 (total=910)
[250/400] υδραυλικός     / Καλαμάτα     p1 +0 (total=910)
[251/400] ξυλουργός      / Αθήνα        p1 +0 (total=910)
[252/400] ξυλουργός      / Θεσσαλονίκη  p1 +0 (total=910)
[253/400] ξυλουργός      / Πάτρα        p1 +0 (total=910)
[254/400] ξυλουργός      / Ηράκλειο     p1 +0 (total=910)
[255/400] ξυλουργός      / Χανιά        p1 +0 (total=910)
[256/400] ξυλουργός      / Ρόδος        p1 +0 (total=910)
[257/400] ξυλουργός      / Λάρισα       p1 +0 (total=910)
[258/400] ξυλουργός      / Βόλος        p1 +0 (total=910)
[259/400] ξυλουργός      / Ιωάννινα     p1 +0 (total=910)
[260/400] ξυλουργός      / Καλαμάτα     p1 +0 (total=910)
[261/400] ελαιοχρωματιστ / Αθήνα        p1 +0 (total=910)
[262/400] ελαιοχρωματιστ / Θεσσαλονίκη  p1 +0 (total=910)
[263/400] ελαιοχρωματιστ / Πάτρα        p1 +0 (total=910)
[264/400] ελαιοχρωματιστ / Ηράκλειο     p1 +0 (total=910)
[265/400] ελαιοχρωματιστ / Χανιά        p1 +0 (total=910)
[266/400] ελαιοχρωματιστ / Ρόδος        p1 +0 (total=910)
[267/400] ελαιοχρωματιστ / Λάρισα       p1 +0 (total=910)
[268/400] ελαιοχρωματιστ / Βόλος        p1 +0 (total=910)
[269/400] ελαιοχρωματιστ / Ιωάννινα     p1 +0 (total=910)
[270/400] ελαιοχρωματιστ / Καλαμάτα     p1 +0 (total=910)
[271/400] σιδεράς        / Αθήνα        p1 +0 (total=910)
[272/400] σιδεράς        / Θεσσαλονίκη  p1 +0 (total=910)
[273/400] σιδεράς        / Πάτρα        p1 +0 (total=910)
[274/400] σιδεράς        / Ηράκλειο     p1 +0 (total=910)
[275/400] σιδεράς        / Χανιά        p1 +0 (total=910)
[276/400] σιδεράς        / Ρόδος        p1 +0 (total=910)
[277/400] σιδεράς        / Λάρισα       p1 +0 (total=910)
[278/400] σιδεράς        / Βόλος        p1 +0 (total=910)
[279/400] σιδεράς        / Ιωάννινα     p1 +0 (total=910)
[280/400] σιδεράς        / Καλαμάτα     p1 +0 (total=910)
[281/400] ξενοδοχείο     / Αθήνα        p1 +0 (total=910)
[282/400] ξενοδοχείο     / Θεσσαλονίκη  p1 +0 (total=910)
[283/400] ξενοδοχείο     / Πάτρα        p1 +0 (total=910)
[284/400] ξενοδοχείο     / Ηράκλειο     p1 +0 (total=910)
[285/400] ξενοδοχείο     / Χανιά        p1 +0 (total=910)
[286/400] ξενοδοχείο     / Ρόδος        p1 +0 (total=910)
[287/400] ξενοδοχείο     / Λάρισα       p1 +0 (total=910)
[288/400] ξενοδοχείο     / Βόλος        p1 +0 (total=910)
[289/400] ξενοδοχείο     / Ιωάννινα     p1 +0 (total=910)
[290/400] ξενοδοχείο     / Καλαμάτα     p1 +0 (total=910)
[291/400] ενοικιαζόμενα  / Αθήνα        p1 +0 (total=910)
[292/400] ενοικιαζόμενα  / Θεσσαλονίκη  p1 +0 (total=910)
[293/400] ενοικιαζόμενα  / Πάτρα        p1 +0 (total=910)
[294/400] ενοικιαζόμενα  / Ηράκλειο     p1 +0 (total=910)
[295/400] ενοικιαζόμενα  / Χανιά        p1 +0 (total=910)
[296/400] ενοικιαζόμενα  / Ρόδος        p1 +0 (total=910)
[297/400] ενοικιαζόμενα  / Λάρισα       p1 +0 (total=910)
[298/400] ενοικιαζόμενα  / Βόλος        p1 +0 (total=910)
[299/400] ενοικιαζόμενα  / Ιωάννινα     p1 +0 (total=910)
[300/400] ενοικιαζόμενα  / Καλαμάτα     p1 +0 (total=910)
[301/400] λογιστής       / Αθήνα        p1 +0 (total=910)
[302/400] λογιστής       / Θεσσαλονίκη  p1 +0 (total=910)
[303/400] λογιστής       / Πάτρα        p1 +0 (total=910)
[304/400] λογιστής       / Ηράκλειο     p1 +0 (total=910)
[305/400] λογιστής       / Χανιά        p1 +0 (total=910)
[306/400] λογιστής       / Ρόδος        p1 +0 (total=910)
[307/400] λογιστής       / Λάρισα       p1 +0 (total=910)
[308/400] λογιστής       / Βόλος        p1 +0 (total=910)
[309/400] λογιστής       / Ιωάννινα     p1 +0 (total=910)
[310/400] λογιστής       / Καλαμάτα     p1 +0 (total=910)
[311/400] δικηγόρος      / Αθήνα        p1 +0 (total=910)
[312/400] δικηγόρος      / Θεσσαλονίκη  p1 +0 (total=910)
[313/400] δικηγόρος      / Πάτρα        p1 +0 (total=910)
[314/400] δικηγόρος      / Ηράκλειο     p1 +0 (total=910)
[315/400] δικηγόρος      / Χανιά        p1 +0 (total=910)
[316/400] δικηγόρος      / Ρόδος        p1 +0 (total=910)
[317/400] δικηγόρος      / Λάρισα       p1 +0 (total=910)
[318/400] δικηγόρος      / Βόλος        p1 +0 (total=910)
[319/400] δικηγόρος      / Ιωάννινα     p1 +0 (total=910)
[320/400] δικηγόρος      / Καλαμάτα     p1 +0 (total=910)
[321/400] μεσιτικό γραφε / Αθήνα        p1 +0 (total=910)
[322/400] μεσιτικό γραφε / Θεσσαλονίκη  p1 +0 (total=910)
[323/400] μεσιτικό γραφε / Πάτρα        p1 +0 (total=910)
[324/400] μεσιτικό γραφε / Ηράκλειο     p1 +0 (total=910)
[325/400] μεσιτικό γραφε / Χανιά        p1 +0 (total=910)
[326/400] μεσιτικό γραφε / Ρόδος        p1 +0 (total=910)
[327/400] μεσιτικό γραφε / Λάρισα       p1 +0 (total=910)
[328/400] μεσιτικό γραφε / Βόλος        p1 +0 (total=910)
[329/400] μεσιτικό γραφε / Ιωάννινα     p1 +0 (total=910)
[330/400] μεσιτικό γραφε / Καλαμάτα     p1 +0 (total=910)
[331/400] καθαριστήριο   / Αθήνα        p1 +0 (total=910)
[332/400] καθαριστήριο   / Θεσσαλονίκη  p1 +0 (total=910)
[333/400] καθαριστήριο   / Πάτρα        p1 +0 (total=910)
[334/400] καθαριστήριο   / Ηράκλειο     p1 +0 (total=910)
[335/400] καθαριστήριο   / Χανιά        p1 +0 (total=910)
[336/400] καθαριστήριο   / Ρόδος        p1 +0 (total=910)
[337/400] καθαριστήριο   / Λάρισα       p1 +0 (total=910)
[338/400] καθαριστήριο   / Βόλος        p1 +0 (total=910)
[339/400] καθαριστήριο   / Ιωάννινα     p1 +0 (total=910)
[340/400] καθαριστήριο   / Καλαμάτα     p1 +0 (total=910)
[341/400] κατάστημα ρούχ / Αθήνα        p1 +0 (total=910)
[342/400] κατάστημα ρούχ / Θεσσαλονίκη  p1 +0 (total=910)
[343/400] κατάστημα ρούχ / Πάτρα        p1 +0 (total=910)
[344/400] κατάστημα ρούχ / Ηράκλειο     p1 +0 (total=910)
[345/400] κατάστημα ρούχ / Χανιά        p1 +0 (total=910)
[346/400] κατάστημα ρούχ / Ρόδος        p1 +0 (total=910)
[347/400] κατάστημα ρούχ / Λάρισα       p1 +0 (total=910)
[348/400] κατάστημα ρούχ / Βόλος        p1 +0 (total=910)
[349/400] κατάστημα ρούχ / Ιωάννινα     p1 +0 (total=910)
[350/400] κατάστημα ρούχ / Καλαμάτα     p1 +0 (total=910)
[351/400] υποδήματα      / Αθήνα        p1 +0 (total=910)
[352/400] υποδήματα      / Θεσσαλονίκη  p1 +0 (total=910)
[353/400] υποδήματα      / Πάτρα        p1 +0 (total=910)
[354/400] υποδήματα      / Ηράκλειο     p1 +0 (total=910)
[355/400] υποδήματα      / Χανιά        p1 +0 (total=910)
[356/400] υποδήματα      / Ρόδος        p1 +0 (total=910)
[357/400] υποδήματα      / Λάρισα       p1 +0 (total=910)
[358/400] υποδήματα      / Βόλος        p1 +0 (total=910)
[359/400] υποδήματα      / Ιωάννινα     p1 +0 (total=910)
[360/400] υποδήματα      / Καλαμάτα     p1 +0 (total=910)
[361/400] κοσμήματα      / Αθήνα        p1 +0 (total=910)
[362/400] κοσμήματα      / Θεσσαλονίκη  p1 +0 (total=910)
[363/400] κοσμήματα      / Πάτρα        p1 +0 (total=910)
[364/400] κοσμήματα      / Ηράκλειο     p1 +0 (total=910)
[365/400] κοσμήματα      / Χανιά        p1 +0 (total=910)
[366/400] κοσμήματα      / Ρόδος        p1 +0 (total=910)
[367/400] κοσμήματα      / Λάρισα       p1 +0 (total=910)
[368/400] κοσμήματα      / Βόλος        p1 +0 (total=910)
[369/400] κοσμήματα      / Ιωάννινα     p1 +0 (total=910)
[370/400] κοσμήματα      / Καλαμάτα     p1 +0 (total=910)
[371/400] ανθοπωλείο     / Αθήνα        p1 +0 (total=910)
[372/400] ανθοπωλείο     / Θεσσαλονίκη  p1 +0 (total=910)
[373/400] ανθοπωλείο     / Πάτρα        p1 +0 (total=910)
[374/400] ανθοπωλείο     / Ηράκλειο     p1 +0 (total=910)
[375/400] ανθοπωλείο     / Χανιά        p1 +0 (total=910)
[376/400] ανθοπωλείο     / Ρόδος        p1 +0 (total=910)
[377/400] ανθοπωλείο     / Λάρισα       p1 +0 (total=910)
[378/400] ανθοπωλείο     / Βόλος        p1 +0 (total=910)
[379/400] ανθοπωλείο     / Ιωάννινα     p1 +0 (total=910)
[380/400] ανθοπωλείο     / Καλαμάτα     p1 +0 (total=910)
[381/400] οπτικά         / Αθήνα        p1 +0 (total=910)
[382/400] οπτικά         / Θεσσαλονίκη  p1 +0 (total=910)
[383/400] οπτικά         / Πάτρα        p1 +0 (total=910)
[384/400] οπτικά         / Ηράκλειο     p1 +0 (total=910)
[385/400] οπτικά         / Χανιά        p1 +0 (total=910)
[386/400] οπτικά         / Ρόδος        p1 +0 (total=910)
[387/400] οπτικά         / Λάρισα       p1 +0 (total=910)
[388/400] οπτικά         / Βόλος        p1 +0 (total=910)
[389/400] οπτικά         / Ιωάννινα     p1 +0 (total=910)
[390/400] οπτικά         / Καλαμάτα     p1 +0 (total=910)
[391/400] γυμναστήριο    / Αθήνα        p1 +0 (total=910)
[392/400] γυμναστήριο    / Θεσσαλονίκη  p1 +0 (total=910)
[393/400] γυμναστήριο    / Πάτρα        p1 +0 (total=910)
[394/400] γυμναστήριο    / Ηράκλειο     p1 +0 (total=910)
[395/400] γυμναστήριο    / Χανιά        p1 +0 (total=910)
[396/400] γυμναστήριο    / Ρόδος        p1 +0 (total=910)
[397/400] γυμναστήριο    / Λάρισα       p1 +0 (total=910)
[398/400] γυμναστήριο    / Βόλος        p1 +0 (total=910)
[399/400] γυμναστήριο    / Ιωάννινα     p1 +0 (total=910)
[400/400] γυμναστήριο    / Καλαμάτα     p1 +0 (total=910)

=== DONE ===
Total prospects: 910
  Restauration   522
  Artisans       388

[OK] prospects_vrisko.csv
Χανιά        p1 +0 (total=1075)
[396/400] γυμναστήριο    / Ρόδος        p1 +0 (total=1075)
[397/400] γυμναστήριο    / Λάρισα       p1 +0 (total=1075)
[398/400] γυμναστήριο    / Βόλος        p1 +0 (total=1075)
[399/400] γυμναστήριο    / Ιωάννινα     p1 +0 (total=1075)
[400/400] γυμναστήριο    / Καλαμάτα     p1 +0 (total=1075)

=== DONE ===
Total prospects: 1075
  Restauration   882
  Artisans       187
  Services       6

[OK] prospects_vrisko.csv
